2026-02-01 19:11:05 | CREATE | models/web/__init__.py                   |    6 |     +6 | 
2026-02-01 19:14:28 | CREATE | models/web/amphion_unified.py            |  777 |   +777 | 
2026-02-01 19:16:06 | CREATE | models/web/amphion_unified.py            |  781 |     +4 | 
2026-02-01 19:18:14 | CREATE | models/web/amphion_unified.py            |  781 |        | 
2026-02-01 19:46:46 | CREATE | models/web/api/__init__.py               |    8 |     +8 | 
2026-02-01 19:47:04 | CREATE | models/web/api/main.py                   |   91 |    +91 | 
2026-02-01 22:43:10 | CREATE | models/web/api/main.py                   |   92 |     +1 | dirty
2026-02-01 23:53:05 | CREATE | models/web/api/models/manager.py         |  897 |     +2 | dirty
2026-02-01 23:53:13 | CREATE | models/web/api/models/manager.py         |  902 |     +5 | dirty
2026-02-01 23:53:38 | CREATE | models/web/api/models/manager.py         | 1028 |   +126 | dirty
2026-02-01 23:53:53 | CREATE | models/web/api/routes/tts.py             |  294 |    +68 | dirty
2026-02-01 23:58:24 | CREATE | models/web/api/routes/health.py          |   99 |    +10 | dirty
2026-02-01 23:59:54 | CREATE | models/web/api/routes/svc.py             |   98 |    +98 | 
2026-02-02 00:00:16 | CREATE | models/web/api/models/manager.py         | 1030 |     +2 | dirty
2026-02-02 00:00:22 | CREATE | models/web/api/models/manager.py         | 1035 |     +5 | dirty
2026-02-02 00:00:47 | CREATE | models/web/api/models/manager.py         | 1183 |   +148 | dirty
2026-02-02 00:00:59 | CREATE | models/web/api/main.py                   |   92 |        | dirty
2026-02-02 00:01:05 | CREATE | models/web/api/main.py                   |   93 |     +1 | dirty
2026-02-02 00:01:12 | CREATE | models/web/api/routes/health.py          |  104 |     +5 | dirty
2026-02-02 00:01:22 | CREATE | models/web/api/routes/__init__.py        |    9 |        | dirty
2026-02-02 00:06:48 | CREATE | models/web/api/routes/evaluation.py      |  507 |   +507 | 
2026-02-02 00:06:55 | CREATE | models/web/api/routes/__init__.py        |    9 |        | dirty
2026-02-02 00:07:01 | CREATE | models/web/api/main.py                   |   93 |        | dirty
2026-02-02 00:07:07 | CREATE | models/web/api/main.py                   |   94 |     +1 | dirty
2026-02-02 00:08:24 | CREATE | models/web/api/routes/evaluation.py      |  494 |    -13 | 
2026-02-02 03:41:40 | CREATE | models/web/react/app/vc/page.tsx         |  141 |   +141 | 
2026-02-02 03:42:08 | CREATE | models/web/react/app/vc/vevo-voice/page.tsx |  209 |   +209 | 
2026-02-02 03:42:38 | CREATE | models/web/react/app/vc/vevo-timbre/page.tsx |  209 |   +209 | 
2026-02-02 03:43:19 | CREATE | models/web/react/app/vc/vevo-style/page.tsx |  209 |   +209 | 
2026-02-02 03:44:09 | CREATE | models/web/react/app/vc/noro/page.tsx    |  272 |   +272 | 
2026-02-02 03:44:27 | CREATE | models/web/react/app/svc/page.tsx        |   63 |    +63 | 
2026-02-02 03:45:31 | CREATE | models/web/react/app/svc/vevosing/page.tsx |  297 |   +297 | 
2026-02-02 03:46:03 | CREATE | models/web/react/next.config.js          |    8 |     +1 | dirty
2026-02-02 03:46:48 | CREATE | models/web/react/next.config.js          |    7 |     -1 | 
2026-02-02 03:48:28 | WRITE  | models/web/react/next-env.d.ts           |    0 |     -6 | dirty
2026-02-02 03:48:36 | REMOVE | models/web/react/dist/_next/static/chunks/153-d32297c2441da6b6.js |    0 |        | 
2026-02-02 03:48:36 | REMOVE | models/web/react/dist/_next/static/chunks/159-2aba5155f518ac48.js |    0 |        | 
2026-02-02 03:48:36 | REMOVE | models/web/react/dist/_next/static/chunks/2-30c080b618097bb6.js |    0 |        | 
2026-02-02 03:48:36 | REMOVE | models/web/react/dist/_next/static/chunks/160-922c12a120987a96.js |    0 |        | 
2026-02-02 03:48:36 | REMOVE | models/web/react/dist/_next/static/chunks/255-27333e2e70592903.js |    0 |        | 
2026-02-02 03:48:36 | REMOVE | models/web/react/dist/_next/static/chunks/306-cac643b7f636baee.js |    0 |        | 
2026-02-02 03:48:36 | REMOVE | models/web/react/dist/_next/static/chunks/4bd1b696-d0b886d72abe9e30.js |    0 |        | 
2026-02-02 03:48:36 | REMOVE | models/web/react/dist/_next/static/chunks/552-dd609767d92a42f7.js |    0 |        | 
2026-02-02 03:48:36 | REMOVE | models/web/react/dist/_next/static/chunks/556-d24d180190b42997.js |    0 |        | 
2026-02-02 03:48:36 | REMOVE | models/web/react/dist/_next/static/chunks/619-ba102abea3e3d0e4.js |    0 |        | 
2026-02-02 03:48:36 | REMOVE | models/web/react/dist/_next/static/chunks/64-708cf4b3b9b57911.js |    0 |        | 
2026-02-02 03:48:36 | REMOVE | models/web/react/dist/_next/static/chunks/main-647b201b894c845a.js |    0 |        | 
2026-02-02 03:48:36 | REMOVE | models/web/react/dist/_next/static/chunks/main-app-4406fec5847054b7.js |    0 |        | 
2026-02-02 03:48:36 | REMOVE | models/web/react/dist/_next/static/chunks/polyfills-42372ed130431b0a.js |    0 |        | 
2026-02-02 03:48:36 | REMOVE | models/web/react/dist/_next/static/chunks/webpack-ce14f47c56ffb2a4.js |    0 |        | 
2026-02-02 03:48:36 | REMOVE | models/web/react/dist/_next/static/p2a7XEy-u_JOOLPZMRC1-/_buildManifest.js |    0 |        | 
2026-02-02 03:48:36 | REMOVE | models/web/react/dist/_next/static/p2a7XEy-u_JOOLPZMRC1-/_ssgManifest.js |    0 |        | 
2026-02-02 03:48:36 | REMOVE | models/web/react/dist/_next/static/chunks/framework-e72d445b7a3bda24.js |    0 |        | 
2026-02-02 03:48:36 | REMOVE | models/web/react/dist/_next/static/chunks/app/layout-d4d9233a80ac2e66.js |    0 |        | 
2026-02-02 03:48:36 | REMOVE | models/web/react/dist/_next/static/chunks/app/page-4a0c99664c2f546f.js |    0 |        | 
2026-02-02 03:48:36 | REMOVE | models/web/react/dist/_next/static/chunks/app/_not-found/page-694ac96b520aac5e.js |    0 |        | 
2026-02-02 03:48:36 | REMOVE | models/web/react/dist/_next/static/chunks/pages/_app-7d307437aca18ad4.js |    0 |        | 
2026-02-02 03:48:36 | REMOVE | models/web/react/dist/_next/static/chunks/pages/_error-cb2a52f75f2162e2.js |    0 |        | 
2026-02-02 03:48:36 | REMOVE | models/web/react/dist/_next/static/chunks/app/tts/page-af9d332cde9c8323.js |    0 |        | 
2026-02-02 03:48:36 | REMOVE | models/web/react/dist/_next/static/chunks/app/tts/compare/page-c20ca5f58140d4d0.js |    0 |        | 
2026-02-02 03:48:36 | REMOVE | models/web/react/dist/_next/static/chunks/app/tts/debatts/page-99ec7bf4c8564614.js |    0 |        | 
2026-02-02 03:48:36 | REMOVE | models/web/react/dist/_next/static/chunks/app/tts/dualcodec-valle/page-c6d77f3eb79820b7.js |    0 |        | 
2026-02-02 03:48:36 | REMOVE | models/web/react/dist/_next/static/chunks/app/tts/jets/page-35a584bda3eb875d.js |    0 |        | 
2026-02-02 03:48:36 | REMOVE | models/web/react/dist/_next/static/chunks/app/tts/fastspeech2/page-f091a299c812f7ec.js |    0 |        | 
2026-02-02 03:48:36 | REMOVE | models/web/react/dist/_next/static/chunks/app/tts/maskgct/page-9615778147db0917.js |    0 |        | 
2026-02-02 03:48:36 | REMOVE | models/web/react/dist/_next/static/chunks/app/tts/metis/page-df5019928cc0a408.js |    0 |        | 
2026-02-02 03:48:36 | REMOVE | models/web/react/dist/_next/static/chunks/app/tts/naturalspeech2/page-20e2bd33336ab7fd.js |    0 |        | 
2026-02-02 03:48:36 | REMOVE | models/web/react/dist/_next/static/chunks/app/tts/valle/page-5c285178dcc398f5.js |    0 |        | 
2026-02-02 03:48:36 | REMOVE | models/web/react/dist/_next/static/chunks/app/tts/vevo-tts/page-df75084fd05d82eb.js |    0 |        | 
2026-02-02 03:48:36 | REMOVE | models/web/react/dist/_next/static/chunks/app/tts/vits/page-40ce8ff7caa9450a.js |    0 |        | 
2026-02-02 12:12:38 | REMOVE | models/web/react/next-env.d.ts           |    0 |     -5 | 
2026-02-02 12:12:39 | CREATE | models/web/react/next-env.d.ts           |    6 |     +6 | dirty
2026-02-02 12:12:39 | CREATE | models/web/react/dist/_next/static/chunks/webpack-ce14f47c56ffb2a4.js |    1 |     +1 | 
2026-02-02 12:12:39 | CREATE | models/web/react/dist/_next/static/chunks/pages/_error-cb2a52f75f2162e2.js |    1 |     +1 | 
2026-02-02 12:12:39 | CREATE | models/web/react/dist/_next/static/chunks/pages/_app-7d307437aca18ad4.js |    1 |     +1 | 
2026-02-02 12:12:39 | CREATE | models/web/react/dist/_next/static/chunks/main-app-4406fec5847054b7.js |    1 |     +1 | 
2026-02-02 12:12:39 | CREATE | models/web/react/dist/_next/static/chunks/main-647b201b894c845a.js |    0 |        | 
2026-02-02 12:12:39 | CREATE | models/web/react/dist/_next/static/chunks/framework-e72d445b7a3bda24.js |    0 |        | 
2026-02-02 12:12:39 | CREATE | models/web/react/dist/_next/static/chunks/app/tts/vits/page-40ce8ff7caa9450a.js |    1 |     +1 | 
2026-02-02 12:12:39 | CREATE | models/web/react/dist/_next/static/chunks/app/tts/vevo-tts/page-df75084fd05d82eb.js |    1 |     +1 | 
2026-02-02 12:12:39 | CREATE | models/web/react/dist/_next/static/chunks/app/tts/valle/page-5c285178dcc398f5.js |    1 |     +1 | 
2026-02-02 12:12:39 | CREATE | models/web/react/dist/_next/static/chunks/app/tts/page-af9d332cde9c8323.js |    1 |     +1 | 
2026-02-02 12:12:39 | CREATE | models/web/react/dist/_next/static/chunks/app/tts/naturalspeech2/page-20e2bd33336ab7fd.js |    1 |     +1 | 
2026-02-02 12:12:39 | CREATE | models/web/react/dist/_next/static/chunks/app/tts/metis/page-df5019928cc0a408.js |    1 |     +1 | 
2026-02-02 12:12:39 | CREATE | models/web/react/dist/_next/static/chunks/app/tts/maskgct/page-9615778147db0917.js |    1 |     +1 | 
2026-02-02 12:12:39 | CREATE | models/web/react/dist/_next/static/chunks/app/tts/jets/page-35a584bda3eb875d.js |    1 |     +1 | 
2026-02-02 12:12:39 | CREATE | models/web/react/dist/_next/static/chunks/app/tts/fastspeech2/page-f091a299c812f7ec.js |    1 |     +1 | 
2026-02-02 12:12:39 | CREATE | models/web/react/dist/_next/static/chunks/app/tts/dualcodec-valle/page-c6d77f3eb79820b7.js |    1 |     +1 | 
2026-02-02 12:12:39 | CREATE | models/web/react/dist/_next/static/chunks/app/tts/debatts/page-99ec7bf4c8564614.js |    1 |     +1 | 
2026-02-02 12:12:39 | CREATE | models/web/react/dist/_next/static/chunks/app/tts/compare/page-c20ca5f58140d4d0.js |    1 |     +1 | 
2026-02-02 12:12:39 | CREATE | models/web/react/dist/_next/static/chunks/app/page-4a0c99664c2f546f.js |    1 |     +1 | 
2026-02-02 12:12:39 | CREATE | models/web/react/dist/_next/static/chunks/app/layout-d4d9233a80ac2e66.js |    1 |     +1 | 
2026-02-02 12:12:39 | CREATE | models/web/react/dist/_next/static/chunks/app/_not-found/page-694ac96b520aac5e.js |    1 |     +1 | 
2026-02-02 12:12:39 | CREATE | models/web/react/dist/_next/static/chunks/64-708cf4b3b9b57911.js |    1 |     +1 | 
2026-02-02 12:12:39 | CREATE | models/web/react/dist/_next/static/chunks/619-ba102abea3e3d0e4.js |    1 |     +1 | 
2026-02-02 12:12:39 | CREATE | models/web/react/dist/_next/static/chunks/556-d24d180190b42997.js |    1 |     +1 | 
2026-02-02 12:12:39 | CREATE | models/web/react/dist/_next/static/chunks/552-dd609767d92a42f7.js |    1 |     +1 | 
2026-02-02 12:12:39 | CREATE | models/web/react/dist/_next/static/chunks/4bd1b696-d0b886d72abe9e30.js |    0 |        | 
2026-02-02 12:12:39 | CREATE | models/web/react/dist/_next/static/chunks/306-cac643b7f636baee.js |    1 |     +1 | 
2026-02-02 12:12:39 | CREATE | models/web/react/dist/_next/static/chunks/255-27333e2e70592903.js |    0 |        | 
2026-02-02 12:12:39 | CREATE | models/web/react/dist/_next/static/chunks/2-30c080b618097bb6.js |    0 |        | 
2026-02-02 12:12:39 | CREATE | models/web/react/dist/_next/static/chunks/160-922c12a120987a96.js |    1 |     +1 | 
2026-02-02 12:12:39 | CREATE | models/web/react/dist/_next/static/chunks/159-2aba5155f518ac48.js |    1 |     +1 | 
2026-02-02 12:12:39 | CREATE | models/web/react/dist/_next/static/chunks/153-d32297c2441da6b6.js |    1 |     +1 | 
2026-02-02 12:12:54 | REMOVE | models/web/react/dist/_next/static/chunks/153-d32297c2441da6b6.js |    0 |     -1 | 
2026-02-02 12:12:54 | REMOVE | models/web/react/dist/_next/static/chunks/159-2aba5155f518ac48.js |    0 |     -1 | 
2026-02-02 12:12:54 | REMOVE | models/web/react/dist/_next/static/chunks/160-922c12a120987a96.js |    0 |     -1 | 
2026-02-02 12:12:54 | REMOVE | models/web/react/dist/_next/static/chunks/2-30c080b618097bb6.js |    0 |        | 
2026-02-02 12:12:54 | REMOVE | models/web/react/dist/_next/static/chunks/255-27333e2e70592903.js |    0 |        | 
2026-02-02 12:12:54 | REMOVE | models/web/react/dist/_next/static/chunks/306-cac643b7f636baee.js |    0 |     -1 | 
2026-02-02 12:12:54 | REMOVE | models/web/react/dist/_next/static/chunks/4bd1b696-d0b886d72abe9e30.js |    0 |        | 
2026-02-02 12:12:54 | REMOVE | models/web/react/dist/_next/static/chunks/552-dd609767d92a42f7.js |    0 |     -1 | 
2026-02-02 12:12:54 | REMOVE | models/web/react/dist/_next/static/chunks/556-d24d180190b42997.js |    0 |     -1 | 
2026-02-02 12:12:54 | REMOVE | models/web/react/dist/_next/static/chunks/619-ba102abea3e3d0e4.js |    0 |     -1 | 
2026-02-02 12:12:54 | REMOVE | models/web/react/dist/_next/static/chunks/64-708cf4b3b9b57911.js |    0 |     -1 | 
2026-02-02 12:12:54 | REMOVE | models/web/react/dist/_next/static/chunks/app/_not-found/page-694ac96b520aac5e.js |    0 |     -1 | 
2026-02-02 12:12:54 | REMOVE | models/web/react/dist/_next/static/chunks/app/layout-d4d9233a80ac2e66.js |    0 |     -1 | 
2026-02-02 12:12:54 | REMOVE | models/web/react/dist/_next/static/chunks/app/page-4a0c99664c2f546f.js |    0 |     -1 | 
2026-02-02 12:12:54 | REMOVE | models/web/react/dist/_next/static/chunks/app/tts/compare/page-c20ca5f58140d4d0.js |    0 |     -1 | 
2026-02-02 12:12:54 | REMOVE | models/web/react/dist/_next/static/chunks/app/tts/debatts/page-99ec7bf4c8564614.js |    0 |     -1 | 
2026-02-02 12:12:54 | REMOVE | models/web/react/dist/_next/static/chunks/app/tts/dualcodec-valle/page-c6d77f3eb79820b7.js |    0 |     -1 | 
2026-02-02 12:12:54 | REMOVE | models/web/react/dist/_next/static/chunks/app/tts/fastspeech2/page-f091a299c812f7ec.js |    0 |     -1 | 
2026-02-02 12:12:54 | REMOVE | models/web/react/dist/_next/static/chunks/app/tts/jets/page-35a584bda3eb875d.js |    0 |     -1 | 
2026-02-02 12:12:54 | REMOVE | models/web/react/dist/_next/static/chunks/app/tts/maskgct/page-9615778147db0917.js |    0 |     -1 | 
2026-02-02 12:12:54 | REMOVE | models/web/react/dist/_next/static/chunks/app/tts/metis/page-df5019928cc0a408.js |    0 |     -1 | 
2026-02-02 12:12:54 | REMOVE | models/web/react/dist/_next/static/chunks/app/tts/naturalspeech2/page-20e2bd33336ab7fd.js |    0 |     -1 | 
2026-02-02 12:12:54 | REMOVE | models/web/react/dist/_next/static/chunks/app/tts/page-af9d332cde9c8323.js |    0 |     -1 | 
2026-02-02 12:12:54 | REMOVE | models/web/react/dist/_next/static/chunks/app/tts/valle/page-5c285178dcc398f5.js |    0 |     -1 | 
2026-02-02 12:12:54 | REMOVE | models/web/react/dist/_next/static/chunks/app/tts/vevo-tts/page-df75084fd05d82eb.js |    0 |     -1 | 
2026-02-02 12:12:54 | REMOVE | models/web/react/dist/_next/static/chunks/app/tts/vits/page-40ce8ff7caa9450a.js |    0 |     -1 | 
2026-02-02 12:12:54 | REMOVE | models/web/react/dist/_next/static/chunks/framework-e72d445b7a3bda24.js |    0 |        | 
2026-02-02 12:12:54 | REMOVE | models/web/react/dist/_next/static/chunks/main-647b201b894c845a.js |    0 |        | 
2026-02-02 12:12:54 | REMOVE | models/web/react/dist/_next/static/chunks/main-app-4406fec5847054b7.js |    0 |     -1 | 
2026-02-02 12:12:54 | REMOVE | models/web/react/dist/_next/static/chunks/pages/_app-7d307437aca18ad4.js |    0 |     -1 | 
2026-02-02 12:12:54 | REMOVE | models/web/react/dist/_next/static/chunks/pages/_error-cb2a52f75f2162e2.js |    0 |     -1 | 
2026-02-02 12:12:54 | REMOVE | models/web/react/dist/_next/static/chunks/webpack-ce14f47c56ffb2a4.js |    0 |     -1 | 
2026-02-02 12:12:54 | REMOVE | models/web/react/dist/_next/static/p2a7XEy-u_JOOLPZMRC1-/_buildManifest.js |    0 |        | 
2026-02-02 12:12:54 | REMOVE | models/web/react/dist/_next/static/p2a7XEy-u_JOOLPZMRC1-/_ssgManifest.js |    0 |        | 
2026-02-02 12:12:54 | REMOVE | models/web/react/next-env.d.ts           |    0 |     -6 | 
2026-02-02 15:26:55 | CREATE | models/web/react/app/tts/page.tsx        |   79 |    +16 | dirty
2026-02-02 15:27:12 | CREATE | models/web/react/app/tts/page.tsx        |  118 |    +39 | dirty
2026-02-02 15:29:27 | REMOVE | models/web/react/dist/_next/static/9rgYiOdvU_0uH0XG7_yR7/_buildManifest.js |    0 |        | 
2026-02-02 15:29:27 | REMOVE | models/web/react/dist/_next/static/9rgYiOdvU_0uH0XG7_yR7/_ssgManifest.js |    0 |        | 
2026-02-02 15:29:27 | REMOVE | models/web/react/dist/_next/static/chunks/117-2710e10fc7a07085.js |    0 |        | 
2026-02-02 15:29:27 | REMOVE | models/web/react/dist/_next/static/chunks/418-e3ad693bff2acead.js |    0 |        | 
2026-02-02 15:29:27 | REMOVE | models/web/react/dist/_next/static/chunks/447-805a6dc409f84308.js |    0 |        | 
2026-02-02 15:29:27 | REMOVE | models/web/react/dist/_next/static/chunks/543-5a0d8bdcb1636b11.js |    0 |        | 
2026-02-02 15:29:27 | REMOVE | models/web/react/dist/_next/static/chunks/589-33dab15e3ae4294a.js |    0 |        | 
2026-02-02 15:29:27 | REMOVE | models/web/react/dist/_next/static/chunks/590-2978ee97151b045c.js |    0 |        | 
2026-02-02 15:29:27 | REMOVE | models/web/react/dist/_next/static/chunks/627-3c17f00495ddc2f0.js |    0 |        | 
2026-02-02 15:29:27 | REMOVE | models/web/react/dist/_next/static/chunks/648-3c6ce54d333f078e.js |    0 |        | 
2026-02-02 15:29:27 | REMOVE | models/web/react/dist/_next/static/chunks/699-da3ce0778e58cb57.js |    0 |        | 
2026-02-02 15:29:27 | REMOVE | models/web/react/dist/_next/static/chunks/751-b6656fbb17d3a410.js |    0 |        | 
2026-02-02 15:29:27 | REMOVE | models/web/react/dist/_next/static/chunks/818-8e591e2341d8274b.js |    0 |        | 
2026-02-02 15:29:27 | REMOVE | models/web/react/dist/_next/static/chunks/framework-f66176bb897dc684.js |    0 |        | 
2026-02-02 15:29:27 | REMOVE | models/web/react/dist/_next/static/chunks/fd9d1056-9e191f0896c1d560.js |    0 |        | 
2026-02-02 15:29:27 | REMOVE | models/web/react/dist/_next/static/chunks/main-5794ac9cb63221cc.js |    0 |        | 
2026-02-02 15:29:27 | REMOVE | models/web/react/dist/_next/static/chunks/main-app-5cd81746c281cce3.js |    0 |        | 
2026-02-02 15:29:27 | REMOVE | models/web/react/dist/_next/static/chunks/polyfills-42372ed130431b0a.js |    0 |        | 
2026-02-02 15:29:27 | REMOVE | models/web/react/dist/_next/static/chunks/webpack-1b400f1de436fe28.js |    0 |        | 
2026-02-02 15:29:27 | REMOVE | models/web/react/dist/_next/static/chunks/app/layout-1f18118005b212d9.js |    0 |        | 
2026-02-02 15:29:27 | REMOVE | models/web/react/dist/_next/static/chunks/app/page-4a0a5bf3b0c936e2.js |    0 |        | 
2026-02-02 15:29:27 | REMOVE | models/web/react/dist/_next/static/chunks/pages/_app-72b849fbd24ac258.js |    0 |        | 
2026-02-02 15:29:27 | REMOVE | models/web/react/dist/_next/static/chunks/pages/_error-7ba65e1336b92748.js |    0 |        | 
2026-02-02 15:29:27 | REMOVE | models/web/react/dist/_next/static/chunks/app/_not-found/page-c8219ab21dbb5ed7.js |    0 |        | 
2026-02-02 15:29:27 | REMOVE | models/web/react/dist/_next/static/chunks/app/tts/page-41ecaa1724a462ed.js |    0 |        | 
2026-02-02 15:29:27 | REMOVE | models/web/react/dist/_next/static/chunks/app/svc/page-b83791e96c484562.js |    0 |        | 
2026-02-02 15:29:27 | REMOVE | models/web/react/dist/_next/static/chunks/app/vc/page-d0cc2193513ce4d5.js |    0 |        | 
2026-02-02 15:29:27 | REMOVE | models/web/react/dist/_next/static/chunks/app/tts/debatts/page-c39d9af1f6625bfb.js |    0 |        | 
2026-02-02 15:29:27 | REMOVE | models/web/react/dist/_next/static/chunks/app/tts/fastspeech2/page-fb401141f410f00b.js |    0 |        | 
2026-02-02 15:29:27 | REMOVE | models/web/react/dist/_next/static/chunks/app/tts/jets/page-e37a6fdd2e808a94.js |    0 |        | 
2026-02-02 15:29:27 | REMOVE | models/web/react/dist/_next/static/chunks/app/tts/maskgct/page-aaba850f8beb386c.js |    0 |        | 
2026-02-02 15:29:27 | REMOVE | models/web/react/dist/_next/static/chunks/app/tts/naturalspeech2/page-05ef2a583a15093f.js |    0 |        | 
2026-02-02 15:29:27 | REMOVE | models/web/react/dist/_next/static/chunks/app/tts/valle/page-66700c26f66ed38a.js |    0 |        | 
2026-02-02 15:29:27 | REMOVE | models/web/react/dist/_next/static/chunks/app/tts/vevo-tts/page-cbdab892ea3d1ed9.js |    0 |        | 
2026-02-02 15:29:27 | REMOVE | models/web/react/dist/_next/static/chunks/app/tts/vits/page-3850b299bc950d22.js |    0 |        | 
2026-02-02 15:29:27 | REMOVE | models/web/react/dist/_next/static/chunks/app/svc/vevosing/page-c45de1ed93222f95.js |    0 |        | 
2026-02-02 15:29:27 | REMOVE | models/web/react/dist/_next/static/chunks/app/vc/noro/page-2da79d3507553700.js |    0 |        | 
2026-02-02 15:29:27 | REMOVE | models/web/react/dist/_next/static/chunks/app/vc/vevo-timbre/page-1fe9a70c1c9472ce.js |    0 |        | 
2026-02-02 15:29:27 | REMOVE | models/web/react/dist/_next/static/chunks/app/vc/vevo-voice/page-0e8999bd54c75d92.js |    0 |        | 
2026-02-02 15:29:27 | REMOVE | models/web/react/dist/_next/static/chunks/app/vc/vevo-style/page-bd1100e1543b9830.js |    0 |        | 
2026-02-02 15:29:27 | REMOVE | models/web/react/dist/_next/static/chunks/app/tts/dualcodec-valle/page-a1f8cbe6b2f28ba8.js |    0 |        | 
2026-02-02 15:29:27 | REMOVE | models/web/react/dist/_next/static/chunks/app/tts/metis/page-dafa2f9064e1348b.js |    0 |        | 
2026-02-02 15:29:27 | REMOVE | models/web/react/dist/_next/static/chunks/app/tts/compare/page-4e660a4142aad11d.js |    0 |        | 
2026-02-02 15:30:09 | CREATE | models/web/react/next.config.js          |    7 |        | dirty
2026-02-02 16:15:15 | CREATE | models/vc/flow_matching_transformer/llama_nar.py |  414 |     +3 | dirty
2026-02-03 00:08:15 | REMOVE | models/web/react/dist/_next/static/F9dyhY__tYQIlyJBH-O0X/_buildManifest.js |    0 |        | 
2026-02-03 00:08:15 | REMOVE | models/web/react/dist/_next/static/F9dyhY__tYQIlyJBH-O0X/_ssgManifest.js |    0 |        | 
2026-02-03 00:08:15 | REMOVE | models/web/react/dist/_next/static/chunks/app/vc/noro/page-2da79d3507553700.js |    0 |        | 
2026-02-03 00:08:15 | REMOVE | models/web/react/dist/_next/static/chunks/app/vc/vevo-timbre/page-1fe9a70c1c9472ce.js |    0 |        | 
2026-02-03 00:08:15 | REMOVE | models/web/react/dist/_next/static/chunks/app/vc/vevo-voice/page-0e8999bd54c75d92.js |    0 |        | 
2026-02-03 00:08:15 | REMOVE | models/web/react/dist/_next/static/chunks/app/vc/vevo-style/page-bd1100e1543b9830.js |    0 |        | 
2026-02-03 00:08:15 | REMOVE | models/web/react/dist/_next/static/chunks/app/vc/page-d0cc2193513ce4d5.js |    0 |        | 
2026-02-03 00:08:16 | REMOVE | models/web/react/dist/_next/static/chunks/app/_not-found/page-c8219ab21dbb5ed7.js |    0 |        | 
2026-02-03 00:08:16 | REMOVE | models/web/react/dist/_next/static/chunks/app/tts/dualcodec-valle/page-a1f8cbe6b2f28ba8.js |    0 |        | 
2026-02-03 00:08:16 | REMOVE | models/web/react/dist/_next/static/chunks/app/tts/debatts/page-c39d9af1f6625bfb.js |    0 |        | 
2026-02-03 00:08:16 | REMOVE | models/web/react/dist/_next/static/chunks/app/tts/jets/page-e37a6fdd2e808a94.js |    0 |        | 
2026-02-03 00:08:16 | REMOVE | models/web/react/dist/_next/static/chunks/app/tts/valle/page-66700c26f66ed38a.js |    0 |        | 
2026-02-03 00:08:16 | REMOVE | models/web/react/dist/_next/static/chunks/app/tts/metis/page-dafa2f9064e1348b.js |    0 |        | 
2026-02-03 00:08:16 | REMOVE | models/web/react/dist/_next/static/chunks/app/tts/page-ceee8d723586348a.js |    0 |        | 
2026-02-03 00:08:16 | REMOVE | models/web/react/dist/_next/static/chunks/app/tts/vits/page-3850b299bc950d22.js |    0 |        | 
2026-02-03 00:08:16 | REMOVE | models/web/react/dist/_next/static/chunks/app/tts/naturalspeech2/page-05ef2a583a15093f.js |    0 |        | 
2026-02-03 00:08:16 | REMOVE | models/web/react/dist/_next/static/chunks/app/tts/vevo-tts/page-cbdab892ea3d1ed9.js |    0 |        | 
2026-02-03 00:08:16 | REMOVE | models/web/react/dist/_next/static/chunks/app/tts/maskgct/page-aaba850f8beb386c.js |    0 |        | 
2026-02-03 00:08:16 | REMOVE | models/web/react/dist/_next/static/chunks/app/tts/fastspeech2/page-fb401141f410f00b.js |    0 |        | 
2026-02-03 00:08:16 | REMOVE | models/web/react/dist/_next/static/chunks/app/tts/compare/page-4e660a4142aad11d.js |    0 |        | 
2026-02-03 00:08:16 | REMOVE | models/web/react/dist/_next/static/chunks/app/page-4a0a5bf3b0c936e2.js |    0 |        | 
2026-02-03 00:08:16 | REMOVE | models/web/react/dist/_next/static/chunks/app/layout-1f18118005b212d9.js |    0 |        | 
2026-02-03 00:08:16 | REMOVE | models/web/react/dist/_next/static/chunks/app/svc/vevosing/page-c45de1ed93222f95.js |    0 |        | 
2026-02-03 00:08:16 | REMOVE | models/web/react/dist/_next/static/chunks/app/svc/page-b83791e96c484562.js |    0 |        | 
2026-02-03 00:08:16 | REMOVE | models/web/react/dist/_next/static/chunks/627-3c17f00495ddc2f0.js |    0 |        | 
2026-02-03 00:08:16 | REMOVE | models/web/react/dist/_next/static/chunks/main-app-5cd81746c281cce3.js |    0 |        | 
2026-02-03 00:08:16 | REMOVE | models/web/react/dist/_next/static/chunks/648-3c6ce54d333f078e.js |    0 |        | 
2026-02-03 00:08:16 | REMOVE | models/web/react/dist/_next/static/chunks/framework-f66176bb897dc684.js |    0 |        | 
2026-02-03 00:08:16 | REMOVE | models/web/react/dist/_next/static/chunks/818-8e591e2341d8274b.js |    0 |        | 
2026-02-03 00:08:16 | REMOVE | models/web/react/dist/_next/static/chunks/pages/_error-7ba65e1336b92748.js |    0 |        | 
2026-02-03 00:08:16 | REMOVE | models/web/react/dist/_next/static/chunks/pages/_app-72b849fbd24ac258.js |    0 |        | 
2026-02-03 00:08:16 | REMOVE | models/web/react/dist/_next/static/chunks/polyfills-42372ed130431b0a.js |    0 |        | 
2026-02-03 00:08:16 | REMOVE | models/web/react/dist/_next/static/chunks/543-5a0d8bdcb1636b11.js |    0 |        | 
2026-02-03 00:08:16 | REMOVE | models/web/react/dist/_next/static/chunks/699-da3ce0778e58cb57.js |    0 |        | 
2026-02-03 00:08:16 | REMOVE | models/web/react/dist/_next/static/chunks/590-2978ee97151b045c.js |    0 |        | 
2026-02-03 00:08:16 | REMOVE | models/web/react/dist/_next/static/chunks/117-2710e10fc7a07085.js |    0 |        | 
2026-02-03 00:08:16 | REMOVE | models/web/react/dist/_next/static/chunks/main-5794ac9cb63221cc.js |    0 |        | 
2026-02-03 00:08:16 | REMOVE | models/web/react/dist/_next/static/chunks/195-79643c99b54e139a.js |    0 |        | 
2026-02-03 00:08:16 | REMOVE | models/web/react/dist/_next/static/chunks/418-e3ad693bff2acead.js |    0 |        | 
2026-02-03 00:08:16 | REMOVE | models/web/react/dist/_next/static/chunks/447-805a6dc409f84308.js |    0 |        | 
2026-02-03 00:08:16 | REMOVE | models/web/react/dist/_next/static/chunks/589-33dab15e3ae4294a.js |    0 |        | 
2026-02-03 00:08:16 | REMOVE | models/web/react/dist/_next/static/chunks/webpack-1b400f1de436fe28.js |    0 |        | 
2026-02-03 00:08:16 | REMOVE | models/web/react/dist/_next/static/chunks/fd9d1056-9e191f0896c1d560.js |    0 |        | 
2026-02-03 00:29:50 | CREATE | models/web/react/postcss.config.js       |    6 |     +6 | 
